# JRE version: Java(TM) SE Runtime Environment (8.0_181-b13) (build 1.8.0_181-b13)
# Java VM: Java HotSpot(TM) 64-Bit Server VM (25.181-b13 mixed mode windows-amd64 compressed oops)
Heap:
 PSYoungGen      total 482304K, used 251367K [0x0000000781900000, 0x00000007a9a80000, 0x00000007c0000000)
  eden space 468480K, 53% used [0x0000000781900000,0x0000000790e79c60,0x000000079e280000)
  from space 13824K, 0% used [0x000000079e280000,0x000000079e280000,0x000000079f000000)
  to   space 13312K, 0% used [0x00000007a8d80000,0x00000007a8d80000,0x00000007a9a80000)
 ParOldGen       total 109056K, used 41431K [0x0000000704a00000, 0x000000070b480000, 0x0000000781900000)
  object space 109056K, 37% used [0x0000000704a00000,0x0000000707275dc0,0x000000070b480000)
 Metaspace       used 62726K, capacity 65120K, committed 65176K, reserved 1105920K
  class space    used 7866K, capacity 8356K, committed 8360K, reserved 1048576K
GC Heap History (10 events):
Event: 31.083 GC heap before
{Heap before GC invocations=12 (full 2):
 PSYoungGen      total 281088K, used 269312K [0x0000000781900000, 0x000000079a580000, 0x00000007c0000000)
  eden space 269312K, 100% used [0x0000000781900000,0x0000000792000000,0x0000000792000000)
  from space 11776K, 0% used [0x0000000792000000,0x0000000792000000,0x0000000792b80000)
  to   space 11776K, 0% used [0x0000000799a00000,0x0000000799a00000,0x000000079a580000)
 ParOldGen       total 109056K, used 18347K [0x0000000704a00000, 0x000000070b480000, 0x0000000781900000)
  object space 109056K, 16% used [0x0000000704a00000,0x0000000705bead08,0x000000070b480000)
 Metaspace       used 43116K, capacity 44834K, committed 44968K, reserved 1087488K
  class space    used 5664K, capacity 5997K, committed 6056K, reserved 1048576K
Event: 31.110 GC heap after
Heap after GC invocations=12 (full 2):
 PSYoungGen      total 370688K, used 11745K [0x0000000781900000, 0x000000079a580000, 0x00000007c0000000)
  eden space 358912K, 0% used [0x0000000781900000,0x0000000781900000,0x0000000797780000)
  from space 11776K, 99% used [0x0000000799a00000,0x000000079a578448,0x000000079a580000)
  to   space 13312K, 0% used [0x0000000798b80000,0x0000000798b80000,0x0000000799880000)
 ParOldGen       total 109056K, used 20077K [0x0000000704a00000, 0x000000070b480000, 0x0000000781900000)
  object space 109056K, 18% used [0x0000000704a00000,0x0000000705d9b640,0x000000070b480000)
 Metaspace       used 43116K, capacity 44834K, committed 44968K, reserved 1087488K
  class space    used 5664K, capacity 5997K, committed 6056K, reserved 1048576K
}
Event: 40.730 GC heap before
{Heap before GC invocations=13 (full 2):
 PSYoungGen      total 370688K, used 370657K [0x0000000781900000, 0x000000079a580000, 0x00000007c0000000)
  eden space 358912K, 100% used [0x0000000781900000,0x0000000797780000,0x0000000797780000)
  from space 11776K, 99% used [0x0000000799a00000,0x000000079a578448,0x000000079a580000)
  to   space 13312K, 0% used [0x0000000798b80000,0x0000000798b80000,0x0000000799880000)
 ParOldGen       total 109056K, used 20077K [0x0000000704a00000, 0x000000070b480000, 0x0000000781900000)
  object space 109056K, 18% used [0x0000000704a00000,0x0000000705d9b640,0x000000070b480000)
 Metaspace       used 53047K, capacity 54936K, committed 55336K, reserved 1097728K
  class space    used 6720K, capacity 7098K, committed 7208K, reserved 1048576K
Event: 40.757 GC heap after
Heap after GC invocations=13 (full 2):
 PSYoungGen      total 392704K, used 11565K [0x0000000781900000, 0x000000079fe00000, 0x00000007c0000000)
  eden space 379392K, 0% used [0x0000000781900000,0x0000000781900000,0x0000000798b80000)
  from space 13312K, 86% used [0x0000000798b80000,0x00000007996cb400,0x0000000799880000)
  to   space 14336K, 0% used [0x000000079f000000,0x000000079f000000,0x000000079fe00000)
 ParOldGen       total 109056K, used 27369K [0x0000000704a00000, 0x000000070b480000, 0x0000000781900000)
  object space 109056K, 25% used [0x0000000704a00000,0x00000007064ba730,0x000000070b480000)
 Metaspace       used 53047K, capacity 54936K, committed 55336K, reserved 1097728K
  class space    used 6720K, capacity 7098K, committed 7208K, reserved 1048576K
}
Event: 42.652 GC heap before
{Heap before GC invocations=14 (full 2):
 PSYoungGen      total 392704K, used 390957K [0x0000000781900000, 0x000000079fe00000, 0x00000007c0000000)
  eden space 379392K, 100% used [0x0000000781900000,0x0000000798b80000,0x0000000798b80000)
  from space 13312K, 86% used [0x0000000798b80000,0x00000007996cb400,0x0000000799880000)
  to   space 14336K, 0% used [0x000000079f000000,0x000000079f000000,0x000000079fe00000)
 ParOldGen       total 109056K, used 27369K [0x0000000704a00000, 0x000000070b480000, 0x0000000781900000)
  object space 109056K, 25% used [0x0000000704a00000,0x00000007064ba730,0x000000070b480000)
 Metaspace       used 53583K, capacity 55526K, committed 55848K, reserved 1097728K
  class space    used 6765K, capacity 7163K, committed 7208K, reserved 1048576K
Event: 42.694 GC heap after
Heap after GC invocations=14 (full 2):
 PSYoungGen      total 482816K, used 7920K [0x0000000781900000, 0x00000007a2c80000, 0x00000007c0000000)
  eden space 468480K, 0% used [0x0000000781900000,0x0000000781900000,0x000000079e280000)
  from space 14336K, 55% used [0x000000079f000000,0x000000079f7bc010,0x000000079fe00000)
  to   space 13824K, 0% used [0x000000079e280000,0x000000079e280000,0x000000079f000000)
 ParOldGen       total 109056K, used 34322K [0x0000000704a00000, 0x000000070b480000, 0x0000000781900000)
  object space 109056K, 31% used [0x0000000704a00000,0x0000000706b84a38,0x000000070b480000)
 Metaspace       used 53583K, capacity 55526K, committed 55848K, reserved 1097728K
  class space    used 6765K, capacity 7163K, committed 7208K, reserved 1048576K
}
Event: 46.717 GC heap before
{Heap before GC invocations=15 (full 2):
 PSYoungGen      total 482816K, used 217868K [0x0000000781900000, 0x00000007a2c80000, 0x00000007c0000000)
  eden space 468480K, 44% used [0x0000000781900000,0x000000078e6070b8,0x000000079e280000)
  from space 14336K, 55% used [0x000000079f000000,0x000000079f7bc010,0x000000079fe00000)
  to   space 13824K, 0% used [0x000000079e280000,0x000000079e280000,0x000000079f000000)
 ParOldGen       total 109056K, used 34322K [0x0000000704a00000, 0x000000070b480000, 0x0000000781900000)
  object space 109056K, 31% used [0x0000000704a00000,0x0000000706b84a38,0x000000070b480000)
 Metaspace       used 56966K, capacity 59010K, committed 59160K, reserved 1101824K
  class space    used 7230K, capacity 7659K, committed 7720K, reserved 1048576K
Event: 46.743 GC heap after
Heap after GC invocations=15 (full 2):
 PSYoungGen      total 482304K, used 7020K [0x0000000781900000, 0x00000007a9a80000, 0x00000007c0000000)
  eden space 468480K, 0% used [0x0000000781900000,0x0000000781900000,0x000000079e280000)
  from space 13824K, 50% used [0x000000079e280000,0x000000079e95b098,0x000000079f000000)
  to   space 13312K, 0% used [0x00000007a8d80000,0x00000007a8d80000,0x00000007a9a80000)
 ParOldGen       total 109056K, used 41774K [0x0000000704a00000, 0x000000070b480000, 0x0000000781900000)
  object space 109056K, 38% used [0x0000000704a00000,0x00000007072cb858,0x000000070b480000)
 Metaspace       used 56966K, capacity 59010K, committed 59160K, reserved 1101824K
  class space    used 7230K, capacity 7659K, committed 7720K, reserved 1048576K
}
Event: 46.743 GC heap before
{Heap before GC invocations=16 (full 3):
 PSYoungGen      total 482304K, used 7020K [0x0000000781900000, 0x00000007a9a80000, 0x00000007c0000000)
  eden space 468480K, 0% used [0x0000000781900000,0x0000000781900000,0x000000079e280000)
  from space 13824K, 50% used [0x000000079e280000,0x000000079e95b098,0x000000079f000000)
  to   space 13312K, 0% used [0x00000007a8d80000,0x00000007a8d80000,0x00000007a9a80000)
 ParOldGen       total 109056K, used 41774K [0x0000000704a00000, 0x000000070b480000, 0x0000000781900000)
  object space 109056K, 38% used [0x0000000704a00000,0x00000007072cb858,0x000000070b480000)
 Metaspace       used 56966K, capacity 59010K, committed 59160K, reserved 1101824K
  class space    used 7230K, capacity 7659K, committed 7720K, reserved 1048576K
Event: 47.138 GC heap after
Heap after GC invocations=16 (full 3):
 PSYoungGen      total 482304K, used 0K [0x0000000781900000, 0x00000007a9a80000, 0x00000007c0000000)
  eden space 468480K, 0% used [0x0000000781900000,0x0000000781900000,0x000000079e280000)
  from space 13824K, 0% used [0x000000079e280000,0x000000079e280000,0x000000079f000000)
  to   space 13312K, 0% used [0x00000007a8d80000,0x00000007a8d80000,0x00000007a9a80000)
 ParOldGen       total 109056K, used 41431K [0x0000000704a00000, 0x000000070b480000, 0x0000000781900000)
  object space 109056K, 37% used [0x0000000704a00000,0x0000000707275dc0,0x000000070b480000)
 Metaspace       used 56966K, capacity 59010K, committed 59160K, reserved 1101824K
  class space    used 7230K, capacity 7659K, committed 7720K, reserved 1048576K
}

