# JRE version: Java(TM) SE Runtime Environment (8.0_181-b13) (build 1.8.0_181-b13)
# Java VM: Java HotSpot(TM) 64-Bit Server VM (25.181-b13 mixed mode windows-amd64 compressed oops)
Heap:
 PSYoungGen      total 104960K, used 46442K [0x0000000781900000, 0x0000000788700000, 0x00000007c0000000)
  eden space 97280K, 41% used [0x0000000781900000,0x0000000783ff3d70,0x0000000787800000)
  from space 7680K, 85% used [0x0000000787f80000,0x00000007885e6d68,0x0000000788700000)
  to   space 7680K, 66% used [0x0000000787800000,0x0000000787cf3e48,0x0000000787f80000)
 ParOldGen       total 128512K, used 104K [0x0000000704a00000, 0x000000070c780000, 0x0000000781900000)
  object space 128512K, 0% used [0x0000000704a00000,0x0000000704a1a010,0x000000070c780000)
 Metaspace       used 20543K, capacity 21186K, committed 21296K, reserved 1067008K
  class space    used 2686K, capacity 2845K, committed 2864K, reserved 1048576K
GC Heap History (9 events):
Event: 4.519 GC heap before
{Heap before GC invocations=1 (full 0):
 PSYoungGen      total 56320K, used 48640K [0x0000000781900000, 0x0000000785780000, 0x00000007c0000000)
  eden space 48640K, 100% used [0x0000000781900000,0x0000000784880000,0x0000000784880000)
  from space 7680K, 0% used [0x0000000785000000,0x0000000785000000,0x0000000785780000)
  to   space 7680K, 0% used [0x0000000784880000,0x0000000784880000,0x0000000785000000)
 ParOldGen       total 128512K, used 0K [0x0000000704a00000, 0x000000070c780000, 0x0000000781900000)
  object space 128512K, 0% used [0x0000000704a00000,0x0000000704a00000,0x000000070c780000)
 Metaspace       used 8259K, capacity 8534K, committed 8832K, reserved 1056768K
  class space    used 949K, capacity 1061K, committed 1152K, reserved 1048576K
Event: 4.526 GC heap after
Heap after GC invocations=1 (full 0):
 PSYoungGen      total 56320K, used 4377K [0x0000000781900000, 0x0000000785780000, 0x00000007c0000000)
  eden space 48640K, 0% used [0x0000000781900000,0x0000000781900000,0x0000000784880000)
  from space 7680K, 56% used [0x0000000784880000,0x0000000784cc6540,0x0000000785000000)
  to   space 7680K, 0% used [0x0000000785000000,0x0000000785000000,0x0000000785780000)
 ParOldGen       total 128512K, used 8K [0x0000000704a00000, 0x000000070c780000, 0x0000000781900000)
  object space 128512K, 0% used [0x0000000704a00000,0x0000000704a02000,0x000000070c780000)
 Metaspace       used 8259K, capacity 8534K, committed 8832K, reserved 1056768K
  class space    used 949K, capacity 1061K, committed 1152K, reserved 1048576K
}
Event: 6.584 GC heap before
{Heap before GC invocations=2 (full 0):
 PSYoungGen      total 56320K, used 53017K [0x0000000781900000, 0x0000000785780000, 0x00000007c0000000)
  eden space 48640K, 100% used [0x0000000781900000,0x0000000784880000,0x0000000784880000)
  from space 7680K, 56% used [0x0000000784880000,0x0000000784cc6540,0x0000000785000000)
  to   space 7680K, 0% used [0x0000000785000000,0x0000000785000000,0x0000000785780000)
 ParOldGen       total 128512K, used 8K [0x0000000704a00000, 0x000000070c780000, 0x0000000781900000)
  object space 128512K, 0% used [0x0000000704a00000,0x0000000704a02000,0x000000070c780000)
 Metaspace       used 11470K, capacity 11880K, committed 12032K, reserved 1060864K
  class space    used 1350K, capacity 1470K, committed 1536K, reserved 1048576K
Event: 6.664 GC heap after
Heap after GC invocations=2 (full 0):
 PSYoungGen      total 56320K, used 4882K [0x0000000781900000, 0x0000000788700000, 0x00000007c0000000)
  eden space 48640K, 0% used [0x0000000781900000,0x0000000781900000,0x0000000784880000)
  from space 7680K, 63% used [0x0000000785000000,0x00000007854c4890,0x0000000785780000)
  to   space 7680K, 0% used [0x0000000784880000,0x0000000784880000,0x0000000785000000)
 ParOldGen       total 128512K, used 16K [0x0000000704a00000, 0x000000070c780000, 0x0000000781900000)
  object space 128512K, 0% used [0x0000000704a00000,0x0000000704a04000,0x000000070c780000)
 Metaspace       used 11470K, capacity 11880K, committed 12032K, reserved 1060864K
  class space    used 1350K, capacity 1470K, committed 1536K, reserved 1048576K
}
Event: 9.251 GC heap before
{Heap before GC invocations=3 (full 0):
 PSYoungGen      total 56320K, used 53522K [0x0000000781900000, 0x0000000788700000, 0x00000007c0000000)
  eden space 48640K, 100% used [0x0000000781900000,0x0000000784880000,0x0000000784880000)
  from space 7680K, 63% used [0x0000000785000000,0x00000007854c4890,0x0000000785780000)
  to   space 7680K, 0% used [0x0000000784880000,0x0000000784880000,0x0000000785000000)
 ParOldGen       total 128512K, used 16K [0x0000000704a00000, 0x000000070c780000, 0x0000000781900000)
  object space 128512K, 0% used [0x0000000704a00000,0x0000000704a04000,0x000000070c780000)
 Metaspace       used 14801K, capacity 15390K, committed 15616K, reserved 1062912K
  class space    used 1795K, capacity 1929K, committed 2048K, reserved 1048576K
Event: 9.267 GC heap after
Heap after GC invocations=3 (full 0):
 PSYoungGen      total 56320K, used 5982K [0x0000000781900000, 0x0000000788700000, 0x00000007c0000000)
  eden space 48640K, 0% used [0x0000000781900000,0x0000000781900000,0x0000000784880000)
  from space 7680K, 77% used [0x0000000784880000,0x0000000784e57ae8,0x0000000785000000)
  to   space 7680K, 0% used [0x0000000787f80000,0x0000000787f80000,0x0000000788700000)
 ParOldGen       total 128512K, used 24K [0x0000000704a00000, 0x000000070c780000, 0x0000000781900000)
  object space 128512K, 0% used [0x0000000704a00000,0x0000000704a06000,0x000000070c780000)
 Metaspace       used 14801K, capacity 15390K, committed 15616K, reserved 1062912K
  class space    used 1795K, capacity 1929K, committed 2048K, reserved 1048576K
}
Event: 10.959 GC heap before
{Heap before GC invocations=4 (full 0):
 PSYoungGen      total 56320K, used 54622K [0x0000000781900000, 0x0000000788700000, 0x00000007c0000000)
  eden space 48640K, 100% used [0x0000000781900000,0x0000000784880000,0x0000000784880000)
  from space 7680K, 77% used [0x0000000784880000,0x0000000784e57ae8,0x0000000785000000)
  to   space 7680K, 0% used [0x0000000787f80000,0x0000000787f80000,0x0000000788700000)
 ParOldGen       total 128512K, used 24K [0x0000000704a00000, 0x000000070c780000, 0x0000000781900000)
  object space 128512K, 0% used [0x0000000704a00000,0x0000000704a06000,0x000000070c780000)
 Metaspace       used 18046K, capacity 18732K, committed 18944K, reserved 1064960K
  class space    used 2309K, capacity 2474K, committed 2560K, reserved 1048576K
Event: 11.000 GC heap after
Heap after GC invocations=4 (full 0):
 PSYoungGen      total 104960K, used 6555K [0x0000000781900000, 0x0000000788700000, 0x00000007c0000000)
  eden space 97280K, 0% used [0x0000000781900000,0x0000000781900000,0x0000000787800000)
  from space 7680K, 85% used [0x0000000787f80000,0x00000007885e6d68,0x0000000788700000)
  to   space 7680K, 0% used [0x0000000787800000,0x0000000787800000,0x0000000787f80000)
 ParOldGen       total 128512K, used 32K [0x0000000704a00000, 0x000000070c780000, 0x0000000781900000)
  object space 128512K, 0% used [0x0000000704a00000,0x0000000704a08000,0x000000070c780000)
 Metaspace       used 18046K, capacity 18732K, committed 18944K, reserved 1064960K
  class space    used 2309K, capacity 2474K, committed 2560K, reserved 1048576K
}
Event: 11.625 GC heap before
{Heap before GC invocations=5 (full 0):
 PSYoungGen      total 104960K, used 46442K [0x0000000781900000, 0x0000000788700000, 0x00000007c0000000)
  eden space 97280K, 41% used [0x0000000781900000,0x0000000783ff3d70,0x0000000787800000)
  from space 7680K, 85% used [0x0000000787f80000,0x00000007885e6d68,0x0000000788700000)
  to   space 7680K, 0% used [0x0000000787800000,0x0000000787800000,0x0000000787f80000)
 ParOldGen       total 128512K, used 32K [0x0000000704a00000, 0x000000070c780000, 0x0000000781900000)
  object space 128512K, 0% used [0x0000000704a00000,0x0000000704a08000,0x000000070c780000)
 Metaspace       used 20543K, capacity 21186K, committed 21296K, reserved 1067008K
  class space    used 2686K, capacity 2845K, committed 2864K, reserved 1048576K

