# JRE version: Java(TM) SE Runtime Environment (8.0_181-b13) (build 1.8.0_181-b13)
# Java VM: Java HotSpot(TM) 64-Bit Server VM (25.181-b13 mixed mode windows-amd64 compressed oops)
Heap:
 PSYoungGen      total 520192K, used 39025K [0x0000000781900000, 0x00000007aeb80000, 0x00000007c0000000)
  eden space 505344K, 7% used [0x0000000781900000,0x0000000783f1c400,0x00000007a0680000)
  from space 14848K, 0% used [0x00000007a0680000,0x00000007a0680000,0x00000007a1500000)
  to   space 14848K, 0% used [0x00000007add00000,0x00000007add00000,0x00000007aeb80000)
 ParOldGen       total 103936K, used 41364K [0x0000000704a00000, 0x000000070af80000, 0x0000000781900000)
  object space 103936K, 39% used [0x0000000704a00000,0x0000000707265360,0x000000070af80000)
 Metaspace       used 58130K, capacity 60302K, committed 60632K, reserved 1101824K
  class space    used 7403K, capacity 7819K, committed 7936K, reserved 1048576K
GC Heap History (10 events):
Event: 28.489 GC heap before
{Heap before GC invocations=12 (full 2):
 PSYoungGen      total 294912K, used 282624K [0x0000000781900000, 0x000000079b480000, 0x00000007c0000000)
  eden space 282624K, 100% used [0x0000000781900000,0x0000000792d00000,0x0000000792d00000)
  from space 12288K, 0% used [0x0000000792d00000,0x0000000792d00000,0x0000000793900000)
  to   space 13312K, 0% used [0x000000079a780000,0x000000079a780000,0x000000079b480000)
 ParOldGen       total 103936K, used 18731K [0x0000000704a00000, 0x000000070af80000, 0x0000000781900000)
  object space 103936K, 18% used [0x0000000704a00000,0x0000000705c4ac60,0x000000070af80000)
 Metaspace       used 43120K, capacity 44822K, committed 44928K, reserved 1087488K
  class space    used 5664K, capacity 5997K, committed 6016K, reserved 1048576K
Event: 28.513 GC heap after
Heap after GC invocations=12 (full 2):
 PSYoungGen      total 394240K, used 13297K [0x0000000781900000, 0x000000079b480000, 0x00000007c0000000)
  eden space 380928K, 0% used [0x0000000781900000,0x0000000781900000,0x0000000798d00000)
  from space 13312K, 99% used [0x000000079a780000,0x000000079b47c5b0,0x000000079b480000)
  to   space 14848K, 0% used [0x0000000799780000,0x0000000799780000,0x000000079a600000)
 ParOldGen       total 103936K, used 19072K [0x0000000704a00000, 0x000000070af80000, 0x0000000781900000)
  object space 103936K, 18% used [0x0000000704a00000,0x0000000705ca0058,0x000000070af80000)
 Metaspace       used 43120K, capacity 44822K, committed 44928K, reserved 1087488K
  class space    used 5664K, capacity 5997K, committed 6016K, reserved 1048576K
}
Event: 37.426 GC heap before
{Heap before GC invocations=13 (full 2):
 PSYoungGen      total 394240K, used 394225K [0x0000000781900000, 0x000000079b480000, 0x00000007c0000000)
  eden space 380928K, 100% used [0x0000000781900000,0x0000000798d00000,0x0000000798d00000)
  from space 13312K, 99% used [0x000000079a780000,0x000000079b47c5b0,0x000000079b480000)
  to   space 14848K, 0% used [0x0000000799780000,0x0000000799780000,0x000000079a600000)
 ParOldGen       total 103936K, used 19072K [0x0000000704a00000, 0x000000070af80000, 0x0000000781900000)
  object space 103936K, 18% used [0x0000000704a00000,0x0000000705ca0058,0x000000070af80000)
 Metaspace       used 53140K, capacity 55060K, committed 55296K, reserved 1097728K
  class space    used 6721K, capacity 7098K, committed 7168K, reserved 1048576K
Event: 37.466 GC heap after
Heap after GC invocations=13 (full 2):
 PSYoungGen      total 406528K, used 11897K [0x0000000781900000, 0x00000007a2480000, 0x00000007c0000000)
  eden space 391680K, 0% used [0x0000000781900000,0x0000000781900000,0x0000000799780000)
  from space 14848K, 80% used [0x0000000799780000,0x000000079a31e5b0,0x000000079a600000)
  to   space 15872K, 0% used [0x00000007a1500000,0x00000007a1500000,0x00000007a2480000)
 ParOldGen       total 103936K, used 26556K [0x0000000704a00000, 0x000000070af80000, 0x0000000781900000)
  object space 103936K, 25% used [0x0000000704a00000,0x00000007063ef148,0x000000070af80000)
 Metaspace       used 53140K, capacity 55060K, committed 55296K, reserved 1097728K
  class space    used 6721K, capacity 7098K, committed 7168K, reserved 1048576K
}
Event: 39.036 GC heap before
{Heap before GC invocations=14 (full 2):
 PSYoungGen      total 406528K, used 403577K [0x0000000781900000, 0x00000007a2480000, 0x00000007c0000000)
  eden space 391680K, 100% used [0x0000000781900000,0x0000000799780000,0x0000000799780000)
  from space 14848K, 80% used [0x0000000799780000,0x000000079a31e5b0,0x000000079a600000)
  to   space 15872K, 0% used [0x00000007a1500000,0x00000007a1500000,0x00000007a2480000)
 ParOldGen       total 103936K, used 26556K [0x0000000704a00000, 0x000000070af80000, 0x0000000781900000)
  object space 103936K, 25% used [0x0000000704a00000,0x00000007063ef148,0x000000070af80000)
 Metaspace       used 53690K, capacity 55550K, committed 55808K, reserved 1097728K
  class space    used 6769K, capacity 7131K, committed 7168K, reserved 1048576K
Event: 39.099 GC heap after
Heap after GC invocations=14 (full 2):
 PSYoungGen      total 521216K, used 8576K [0x0000000781900000, 0x00000007a5200000, 0x00000007c0000000)
  eden space 505344K, 0% used [0x0000000781900000,0x0000000781900000,0x00000007a0680000)
  from space 15872K, 54% used [0x00000007a1500000,0x00000007a1d60030,0x00000007a2480000)
  to   space 14848K, 0% used [0x00000007a0680000,0x00000007a0680000,0x00000007a1500000)
 ParOldGen       total 103936K, used 33834K [0x0000000704a00000, 0x000000070af80000, 0x0000000781900000)
  object space 103936K, 32% used [0x0000000704a00000,0x0000000706b0aac8,0x000000070af80000)
 Metaspace       used 53690K, capacity 55550K, committed 55808K, reserved 1097728K
  class space    used 6769K, capacity 7131K, committed 7168K, reserved 1048576K
}
Event: 42.930 GC heap before
{Heap before GC invocations=15 (full 2):
 PSYoungGen      total 521216K, used 175689K [0x0000000781900000, 0x00000007a5200000, 0x00000007c0000000)
  eden space 505344K, 33% used [0x0000000781900000,0x000000078bc32410,0x00000007a0680000)
  from space 15872K, 54% used [0x00000007a1500000,0x00000007a1d60030,0x00000007a2480000)
  to   space 14848K, 0% used [0x00000007a0680000,0x00000007a0680000,0x00000007a1500000)
 ParOldGen       total 103936K, used 33834K [0x0000000704a00000, 0x000000070af80000, 0x0000000781900000)
  object space 103936K, 32% used [0x0000000704a00000,0x0000000706b0aac8,0x000000070af80000)
 Metaspace       used 56990K, capacity 59002K, committed 59096K, reserved 1101824K
  class space    used 7227K, capacity 7659K, committed 7680K, reserved 1048576K
Event: 42.979 GC heap after
Heap after GC invocations=15 (full 2):
 PSYoungGen      total 520192K, used 5813K [0x0000000781900000, 0x00000007aeb80000, 0x00000007c0000000)
  eden space 505344K, 0% used [0x0000000781900000,0x0000000781900000,0x00000007a0680000)
  from space 14848K, 39% used [0x00000007a0680000,0x00000007a0c2d760,0x00000007a1500000)
  to   space 14848K, 0% used [0x00000007add00000,0x00000007add00000,0x00000007aeb80000)
 ParOldGen       total 103936K, used 41848K [0x0000000704a00000, 0x000000070af80000, 0x0000000781900000)
  object space 103936K, 40% used [0x0000000704a00000,0x00000007072de158,0x000000070af80000)
 Metaspace       used 56990K, capacity 59002K, committed 59096K, reserved 1101824K
  class space    used 7227K, capacity 7659K, committed 7680K, reserved 1048576K
}
Event: 42.979 GC heap before
{Heap before GC invocations=16 (full 3):
 PSYoungGen      total 520192K, used 5813K [0x0000000781900000, 0x00000007aeb80000, 0x00000007c0000000)
  eden space 505344K, 0% used [0x0000000781900000,0x0000000781900000,0x00000007a0680000)
  from space 14848K, 39% used [0x00000007a0680000,0x00000007a0c2d760,0x00000007a1500000)
  to   space 14848K, 0% used [0x00000007add00000,0x00000007add00000,0x00000007aeb80000)
 ParOldGen       total 103936K, used 41848K [0x0000000704a00000, 0x000000070af80000, 0x0000000781900000)
  object space 103936K, 40% used [0x0000000704a00000,0x00000007072de158,0x000000070af80000)
 Metaspace       used 56990K, capacity 59002K, committed 59096K, reserved 1101824K
  class space    used 7227K, capacity 7659K, committed 7680K, reserved 1048576K
Event: 43.525 GC heap after
Heap after GC invocations=16 (full 3):
 PSYoungGen      total 520192K, used 0K [0x0000000781900000, 0x00000007aeb80000, 0x00000007c0000000)
  eden space 505344K, 0% used [0x0000000781900000,0x0000000781900000,0x00000007a0680000)
  from space 14848K, 0% used [0x00000007a0680000,0x00000007a0680000,0x00000007a1500000)
  to   space 14848K, 0% used [0x00000007add00000,0x00000007add00000,0x00000007aeb80000)
 ParOldGen       total 103936K, used 41364K [0x0000000704a00000, 0x000000070af80000, 0x0000000781900000)
  object space 103936K, 39% used [0x0000000704a00000,0x0000000707265360,0x000000070af80000)
 Metaspace       used 56990K, capacity 59002K, committed 59096K, reserved 1101824K
  class space    used 7227K, capacity 7659K, committed 7680K, reserved 1048576K
}

